<?xml version="1.0" encoding="UTF-8"?>
<coverage generated="1595011778938" clover="3.2.0">
  <project timestamp="1595011778938" name="All files">
    <metrics statements="198" coveredstatements="168" conditionals="25" coveredconditionals="15" methods="77" coveredmethods="60" elements="300" coveredelements="243" complexity="0" loc="198" ncloc="198" packages="21" files="24" classes="24"/>
    <package name="src">
      <metrics statements="19" coveredstatements="19" conditionals="5" coveredconditionals="5" methods="6" coveredmethods="6"/>
      <file name="const.js" path="/Users/Anyuta/Documents/HTMLAcademy/React/What-To-Watch/src/const.js">
        <metrics statements="2" coveredstatements="2" conditionals="0" coveredconditionals="0" methods="0" coveredmethods="0"/>
        <line num="1" count="8" type="stmt"/>
        <line num="3" count="8" type="stmt"/>
      </file>
      <file name="reducer.js" path="/Users/Anyuta/Documents/HTMLAcademy/React/What-To-Watch/src/reducer.js">
        <metrics statements="15" coveredstatements="15" conditionals="5" coveredconditionals="5" methods="5" coveredmethods="5"/>
        <line num="6" count="5" type="stmt"/>
        <line num="11" count="5" type="stmt"/>
        <line num="20" count="5" type="stmt"/>
        <line num="27" count="5" type="stmt"/>
        <line num="28" count="1" type="stmt"/>
        <line num="32" count="1" type="stmt"/>
        <line num="36" count="1" type="stmt"/>
        <line num="40" count="1" type="stmt"/>
        <line num="46" count="5" type="cond" truecount="1" falsecount="0"/>
        <line num="47" count="6" type="cond" truecount="4" falsecount="0"/>
        <line num="50" count="2" type="stmt"/>
        <line num="54" count="1" type="stmt"/>
        <line num="58" count="1" type="stmt"/>
        <line num="62" count="1" type="stmt"/>
        <line num="66" count="1" type="stmt"/>
      </file>
      <file name="utils.js" path="/Users/Anyuta/Documents/HTMLAcademy/React/What-To-Watch/src/utils.js">
        <metrics statements="2" coveredstatements="2" conditionals="0" coveredconditionals="0" methods="1" coveredmethods="1"/>
        <line num="1" count="5" type="stmt"/>
        <line num="2" count="5" type="stmt"/>
      </file>
    </package>
    <package name="src.components.app">
      <metrics statements="11" coveredstatements="9" conditionals="2" coveredconditionals="1" methods="6" coveredmethods="3"/>
      <file name="app.jsx" path="/Users/Anyuta/Documents/HTMLAcademy/React/What-To-Watch/src/components/app/app.jsx">
        <metrics statements="11" coveredstatements="9" conditionals="2" coveredconditionals="1" methods="6" coveredmethods="3"/>
        <line num="11" count="1" type="stmt"/>
        <line num="19" count="1" type="stmt"/>
        <line num="21" count="1" type="cond" truecount="1" falsecount="1"/>
        <line num="22" count="1" type="stmt"/>
        <line num="29" count="0" type="stmt"/>
        <line num="38" count="1" type="stmt"/>
        <line num="40" count="1" type="stmt"/>
        <line num="59" count="1" type="stmt"/>
        <line num="70" count="1" type="stmt"/>
        <line num="76" count="1" type="stmt"/>
        <line num="78" count="0" type="stmt"/>
      </file>
    </package>
    <package name="src.components.genre">
      <metrics statements="7" coveredstatements="5" conditionals="2" coveredconditionals="2" methods="2" coveredmethods="1"/>
      <file name="genre.jsx" path="/Users/Anyuta/Documents/HTMLAcademy/React/What-To-Watch/src/components/genre/genre.jsx">
        <metrics statements="7" coveredstatements="5" conditionals="2" coveredconditionals="2" methods="2" coveredmethods="1"/>
        <line num="4" count="4" type="stmt"/>
        <line num="5" count="8" type="stmt"/>
        <line num="6" count="8" type="cond" truecount="2" falsecount="0"/>
        <line num="8" count="8" type="stmt"/>
        <line num="14" count="0" type="stmt"/>
        <line num="15" count="0" type="stmt"/>
        <line num="23" count="4" type="stmt"/>
      </file>
    </package>
    <package name="src.components.genres-list">
      <metrics statements="12" coveredstatements="10" conditionals="0" coveredconditionals="0" methods="8" coveredmethods="7"/>
      <file name="genres-list.jsx" path="/Users/Anyuta/Documents/HTMLAcademy/React/What-To-Watch/src/components/genres-list/genres-list.jsx">
        <metrics statements="12" coveredstatements="10" conditionals="0" coveredconditionals="0" methods="8" coveredmethods="7"/>
        <line num="8" count="3" type="stmt"/>
        <line num="10" count="3" type="stmt"/>
        <line num="11" count="2" type="stmt"/>
        <line num="16" count="2" type="stmt"/>
        <line num="20" count="2" type="stmt"/>
        <line num="22" count="2" type="stmt"/>
        <line num="25" count="7" type="stmt"/>
        <line num="39" count="3" type="stmt"/>
        <line num="45" count="3" type="stmt"/>
        <line num="50" count="3" type="stmt"/>
        <line num="52" count="0" type="stmt"/>
        <line num="53" count="0" type="stmt"/>
      </file>
    </package>
    <package name="src.components.main">
      <metrics statements="5" coveredstatements="5" conditionals="0" coveredconditionals="0" methods="2" coveredmethods="2"/>
      <file name="main.jsx" path="/Users/Anyuta/Documents/HTMLAcademy/React/What-To-Watch/src/components/main/main.jsx">
        <metrics statements="5" coveredstatements="5" conditionals="0" coveredconditionals="0" methods="2" coveredmethods="2"/>
        <line num="7" count="2" type="stmt"/>
        <line num="11" count="1" type="stmt"/>
        <line num="18" count="1" type="stmt"/>
        <line num="20" count="1" type="stmt"/>
        <line num="105" count="2" type="stmt"/>
      </file>
    </package>
    <package name="src.components.more-like-this">
      <metrics statements="6" coveredstatements="6" conditionals="0" coveredconditionals="0" methods="3" coveredmethods="3"/>
      <file name="more-like-this.jsx" path="/Users/Anyuta/Documents/HTMLAcademy/React/What-To-Watch/src/components/more-like-this/more-like-this.jsx">
        <metrics statements="6" coveredstatements="6" conditionals="0" coveredconditionals="0" methods="3" coveredmethods="3"/>
        <line num="6" count="3" type="stmt"/>
        <line num="10" count="3" type="stmt"/>
        <line num="14" count="3" type="stmt"/>
        <line num="16" count="3" type="stmt"/>
        <line num="19" count="2" type="stmt"/>
        <line num="33" count="3" type="stmt"/>
      </file>
    </package>
    <package name="src.components.movie-card">
      <metrics statements="21" coveredstatements="16" conditionals="2" coveredconditionals="0" methods="6" coveredmethods="4"/>
      <file name="movie-card.jsx" path="/Users/Anyuta/Documents/HTMLAcademy/React/What-To-Watch/src/components/movie-card/movie-card.jsx">
        <metrics statements="21" coveredstatements="16" conditionals="2" coveredconditionals="0" methods="6" coveredmethods="4"/>
        <line num="5" count="7" type="stmt"/>
        <line num="9" count="10" type="stmt"/>
        <line num="11" count="10" type="stmt"/>
        <line num="13" count="10" type="stmt"/>
        <line num="14" count="10" type="stmt"/>
        <line num="15" count="10" type="stmt"/>
        <line num="19" count="2" type="stmt"/>
        <line num="21" count="2" type="stmt"/>
        <line num="22" count="2" type="stmt"/>
        <line num="26" count="1" type="stmt"/>
        <line num="28" count="1" type="stmt"/>
        <line num="29" count="1" type="stmt"/>
        <line num="30" count="1" type="stmt"/>
        <line num="34" count="0" type="stmt"/>
        <line num="36" count="0" type="stmt"/>
        <line num="37" count="0" type="stmt"/>
        <line num="41" count="10" type="stmt"/>
        <line num="43" count="10" type="stmt"/>
        <line num="70" count="0" type="cond" truecount="0" falsecount="2"/>
        <line num="71" count="0" type="stmt"/>
        <line num="77" count="7" type="stmt"/>
      </file>
    </package>
    <package name="src.components.movie-details">
      <metrics statements="6" coveredstatements="6" conditionals="0" coveredconditionals="0" methods="2" coveredmethods="2"/>
      <file name="movie-details.jsx" path="/Users/Anyuta/Documents/HTMLAcademy/React/What-To-Watch/src/components/movie-details/movie-details.jsx">
        <metrics statements="6" coveredstatements="6" conditionals="0" coveredconditionals="0" methods="2" coveredmethods="2"/>
        <line num="4" count="4" type="stmt"/>
        <line num="5" count="1" type="stmt"/>
        <line num="6" count="1" type="stmt"/>
        <line num="8" count="1" type="stmt"/>
        <line num="20" count="7" type="stmt"/>
        <line num="49" count="4" type="stmt"/>
      </file>
    </package>
    <package name="src.components.movie-overview">
      <metrics statements="4" coveredstatements="4" conditionals="0" coveredconditionals="0" methods="1" coveredmethods="1"/>
      <file name="movie-overview.jsx" path="/Users/Anyuta/Documents/HTMLAcademy/React/What-To-Watch/src/components/movie-overview/movie-overview.jsx">
        <metrics statements="4" coveredstatements="4" conditionals="0" coveredconditionals="0" methods="1" coveredmethods="1"/>
        <line num="4" count="4" type="stmt"/>
        <line num="5" count="4" type="stmt"/>
        <line num="7" count="4" type="stmt"/>
        <line num="27" count="4" type="stmt"/>
      </file>
    </package>
    <package name="src.components.movie-page">
      <metrics statements="10" coveredstatements="10" conditionals="2" coveredconditionals="2" methods="3" coveredmethods="3"/>
      <file name="movie-page.jsx" path="/Users/Anyuta/Documents/HTMLAcademy/React/What-To-Watch/src/components/movie-page/movie-page.jsx">
        <metrics statements="10" coveredstatements="10" conditionals="2" coveredconditionals="2" methods="3" coveredmethods="3"/>
        <line num="9" count="2" type="stmt"/>
        <line num="10" count="2" type="stmt"/>
        <line num="12" count="2" type="stmt"/>
        <line num="14" count="2" type="stmt"/>
        <line num="15" count="2" type="stmt"/>
        <line num="17" count="5" type="cond" truecount="2" falsecount="0"/>
        <line num="18" count="2" type="stmt"/>
        <line num="20" count="2" type="stmt"/>
        <line num="112" count="2" type="stmt"/>
        <line num="136" count="2" type="stmt"/>
      </file>
    </package>
    <package name="src.components.movie-reviews">
      <metrics statements="10" coveredstatements="10" conditionals="0" coveredconditionals="0" methods="3" coveredmethods="3"/>
      <file name="movie-reviews.jsx" path="/Users/Anyuta/Documents/HTMLAcademy/React/What-To-Watch/src/components/movie-reviews/movie-reviews.jsx">
        <metrics statements="10" coveredstatements="10" conditionals="0" coveredconditionals="0" methods="3" coveredmethods="3"/>
        <line num="6" count="4" type="stmt"/>
        <line num="7" count="1" type="stmt"/>
        <line num="9" count="1" type="stmt"/>
        <line num="10" count="1" type="stmt"/>
        <line num="11" count="1" type="stmt"/>
        <line num="12" count="1" type="stmt"/>
        <line num="14" count="1" type="stmt"/>
        <line num="17" count="2" type="stmt"/>
        <line num="19" count="2" type="stmt"/>
        <line num="27" count="4" type="stmt"/>
      </file>
    </package>
    <package name="src.components.movies-list">
      <metrics statements="11" coveredstatements="10" conditionals="4" coveredconditionals="2" methods="8" coveredmethods="5"/>
      <file name="movies-list.jsx" path="/Users/Anyuta/Documents/HTMLAcademy/React/What-To-Watch/src/components/movies-list/movies-list.jsx">
        <metrics statements="11" coveredstatements="10" conditionals="4" coveredconditionals="2" methods="8" coveredmethods="5"/>
        <line num="10" count="3" type="stmt"/>
        <line num="12" count="3" type="stmt"/>
        <line num="16" count="2" type="stmt"/>
        <line num="20" count="2" type="stmt"/>
        <line num="21" count="2" type="stmt"/>
        <line num="23" count="2" type="stmt"/>
        <line num="27" count="4" type="stmt"/>
        <line num="47" count="3" type="stmt"/>
        <line num="55" count="3" type="stmt"/>
        <line num="60" count="3" type="stmt"/>
        <line num="62" count="0" type="stmt"/>
      </file>
    </package>
    <package name="src.components.review">
      <metrics statements="4" coveredstatements="4" conditionals="0" coveredconditionals="0" methods="1" coveredmethods="1"/>
      <file name="review.jsx" path="/Users/Anyuta/Documents/HTMLAcademy/React/What-To-Watch/src/components/review/review.jsx">
        <metrics statements="4" coveredstatements="4" conditionals="0" coveredconditionals="0" methods="1" coveredmethods="1"/>
        <line num="4" count="5" type="stmt"/>
        <line num="5" count="3" type="stmt"/>
        <line num="7" count="3" type="stmt"/>
        <line num="23" count="5" type="stmt"/>
      </file>
    </package>
    <package name="src.components.show-more-button">
      <metrics statements="4" coveredstatements="4" conditionals="0" coveredconditionals="0" methods="1" coveredmethods="1"/>
      <file name="show-more-button.jsx" path="/Users/Anyuta/Documents/HTMLAcademy/React/What-To-Watch/src/components/show-more-button/show-more-button.jsx">
        <metrics statements="4" coveredstatements="4" conditionals="0" coveredconditionals="0" methods="1" coveredmethods="1"/>
        <line num="4" count="5" type="stmt"/>
        <line num="5" count="2" type="stmt"/>
        <line num="7" count="2" type="stmt"/>
        <line num="16" count="5" type="stmt"/>
      </file>
    </package>
    <package name="src.components.tab">
      <metrics statements="9" coveredstatements="7" conditionals="2" coveredconditionals="2" methods="3" coveredmethods="2"/>
      <file name="tab.jsx" path="/Users/Anyuta/Documents/HTMLAcademy/React/What-To-Watch/src/components/tab/tab.jsx">
        <metrics statements="9" coveredstatements="7" conditionals="2" coveredconditionals="2" methods="3" coveredmethods="2"/>
        <line num="4" count="4" type="stmt"/>
        <line num="5" count="10" type="stmt"/>
        <line num="6" count="10" type="cond" truecount="2" falsecount="0"/>
        <line num="8" count="10" type="stmt"/>
        <line num="9" count="10" type="stmt"/>
        <line num="10" count="0" type="stmt"/>
        <line num="11" count="0" type="stmt"/>
        <line num="15" count="10" type="stmt"/>
        <line num="25" count="4" type="stmt"/>
      </file>
    </package>
    <package name="src.components.tabs-list">
      <metrics statements="12" coveredstatements="9" conditionals="4" coveredconditionals="1" methods="4" coveredmethods="4"/>
      <file name="tabs-list.jsx" path="/Users/Anyuta/Documents/HTMLAcademy/React/What-To-Watch/src/components/tabs-list/tabs-list.jsx">
        <metrics statements="12" coveredstatements="9" conditionals="4" coveredconditionals="1" methods="4" coveredmethods="4"/>
        <line num="11" count="3" type="stmt"/>
        <line num="15" count="3" type="stmt"/>
        <line num="17" count="3" type="cond" truecount="1" falsecount="3"/>
        <line num="19" count="3" type="stmt"/>
        <line num="25" count="0" type="stmt"/>
        <line num="30" count="0" type="stmt"/>
        <line num="35" count="0" type="stmt"/>
        <line num="44" count="3" type="stmt"/>
        <line num="45" count="3" type="stmt"/>
        <line num="47" count="3" type="stmt"/>
        <line num="52" count="9" type="stmt"/>
        <line num="69" count="3" type="stmt"/>
      </file>
    </package>
    <package name="src.components.video-player">
      <metrics statements="18" coveredstatements="9" conditionals="2" coveredconditionals="0" methods="5" coveredmethods="3"/>
      <file name="video-player.jsx" path="/Users/Anyuta/Documents/HTMLAcademy/React/What-To-Watch/src/components/video-player/video-player.jsx">
        <metrics statements="18" coveredstatements="9" conditionals="2" coveredconditionals="0" methods="5" coveredmethods="3"/>
        <line num="6" count="13" type="stmt"/>
        <line num="8" count="13" type="stmt"/>
        <line num="12" count="13" type="stmt"/>
        <line num="13" count="13" type="stmt"/>
        <line num="15" count="13" type="stmt"/>
        <line num="16" count="13" type="stmt"/>
        <line num="17" count="13" type="stmt"/>
        <line num="21" count="0" type="stmt"/>
        <line num="23" count="0" type="stmt"/>
        <line num="24" count="0" type="stmt"/>
        <line num="25" count="0" type="stmt"/>
        <line num="26" count="0" type="stmt"/>
        <line num="30" count="13" type="stmt"/>
        <line num="39" count="0" type="stmt"/>
        <line num="41" count="0" type="cond" truecount="0" falsecount="2"/>
        <line num="42" count="0" type="stmt"/>
        <line num="44" count="0" type="stmt"/>
        <line num="49" count="9" type="stmt"/>
      </file>
    </package>
    <package name="src.hocs.with-active-card">
      <metrics statements="8" coveredstatements="7" conditionals="0" coveredconditionals="0" methods="4" coveredmethods="3"/>
      <file name="with-active-card.js" path="/Users/Anyuta/Documents/HTMLAcademy/React/What-To-Watch/src/hocs/with-active-card/with-active-card.js">
        <metrics statements="8" coveredstatements="7" conditionals="0" coveredconditionals="0" methods="4" coveredmethods="3"/>
        <line num="3" count="4" type="stmt"/>
        <line num="6" count="4" type="stmt"/>
        <line num="8" count="4" type="stmt"/>
        <line num="12" count="4" type="stmt"/>
        <line num="16" count="0" type="stmt"/>
        <line num="22" count="4" type="stmt"/>
        <line num="24" count="4" type="stmt"/>
        <line num="32" count="5" type="stmt"/>
      </file>
    </package>
    <package name="src.hocs.with-active-tab">
      <metrics statements="8" coveredstatements="7" conditionals="0" coveredconditionals="0" methods="4" coveredmethods="3"/>
      <file name="with-active-tab.js" path="/Users/Anyuta/Documents/HTMLAcademy/React/What-To-Watch/src/hocs/with-active-tab/with-active-tab.js">
        <metrics statements="8" coveredstatements="7" conditionals="0" coveredconditionals="0" methods="4" coveredmethods="3"/>
        <line num="4" count="3" type="stmt"/>
        <line num="7" count="3" type="stmt"/>
        <line num="9" count="3" type="stmt"/>
        <line num="13" count="3" type="stmt"/>
        <line num="17" count="0" type="stmt"/>
        <line num="23" count="3" type="stmt"/>
        <line num="25" count="3" type="stmt"/>
        <line num="33" count="3" type="stmt"/>
      </file>
    </package>
    <package name="src.hocs.with-video-player">
      <metrics statements="10" coveredstatements="8" conditionals="0" coveredconditionals="0" methods="5" coveredmethods="3"/>
      <file name="with-video-player.js" path="/Users/Anyuta/Documents/HTMLAcademy/React/What-To-Watch/src/hocs/with-video-player/with-video-player.js">
        <metrics statements="10" coveredstatements="8" conditionals="0" coveredconditionals="0" methods="5" coveredmethods="3"/>
        <line num="3" count="6" type="stmt"/>
        <line num="6" count="7" type="stmt"/>
        <line num="8" count="7" type="stmt"/>
        <line num="12" count="7" type="stmt"/>
        <line num="13" count="7" type="stmt"/>
        <line num="17" count="0" type="stmt"/>
        <line num="23" count="0" type="stmt"/>
        <line num="29" count="7" type="stmt"/>
        <line num="31" count="7" type="stmt"/>
        <line num="42" count="7" type="stmt"/>
      </file>
    </package>
    <package name="src.mocks">
      <metrics statements="3" coveredstatements="3" conditionals="0" coveredconditionals="0" methods="0" coveredmethods="0"/>
      <file name="movies.js" path="/Users/Anyuta/Documents/HTMLAcademy/React/What-To-Watch/src/mocks/movies.js">
        <metrics statements="2" coveredstatements="2" conditionals="0" coveredconditionals="0" methods="0" coveredmethods="0"/>
        <line num="1" count="5" type="stmt"/>
        <line num="7" count="5" type="stmt"/>
      </file>
      <file name="reviews.js" path="/Users/Anyuta/Documents/HTMLAcademy/React/What-To-Watch/src/mocks/reviews.js">
        <metrics statements="1" coveredstatements="1" conditionals="0" coveredconditionals="0" methods="0" coveredmethods="0"/>
        <line num="1" count="5" type="stmt"/>
      </file>
    </package>
  </project>
</coverage>
