{"/Users/Anyuta/Documents/HTMLAcademy/React/What-To-Watch/src/const.js": {"path":"/Users/Anyuta/Documents/HTMLAcademy/React/What-To-Watch/src/const.js","statementMap":{"0":{"start":{"line":1,"column":26},"end":{"line":1,"column":38}},"1":{"start":{"line":3,"column":20},"end":{"line":7,"column":1}}},"fnMap":{},"branchMap":{},"s":{"0":8,"1":8},"f":{},"b":{},"_coverageSchema":"1a1c01bbd47fc00a2c39e90264f33305004495a9","hash":"22a4b834b98f3b0ca8638f880375888f03fa615f"}
,"/Users/Anyuta/Documents/HTMLAcademy/React/What-To-Watch/src/reducer.js": {"path":"/Users/Anyuta/Documents/HTMLAcademy/React/What-To-Watch/src/reducer.js","statementMap":{"0":{"start":{"line":6,"column":19},"end":{"line":9,"column":1}},"1":{"start":{"line":11,"column":21},"end":{"line":18,"column":1}},"2":{"start":{"line":20,"column":19},"end":{"line":25,"column":1}},"3":{"start":{"line":27,"column":22},"end":{"line":44,"column":1}},"4":{"start":{"line":28,"column":27},"end":{"line":31,"column":3}},"5":{"start":{"line":32,"column":25},"end":{"line":35,"column":3}},"6":{"start":{"line":36,"column":36},"end":{"line":39,"column":3}},"7":{"start":{"line":40,"column":31},"end":{"line":43,"column":3}},"8":{"start":{"line":46,"column":16},"end":{"line":67,"column":1}},"9":{"start":{"line":47,"column":2},"end":{"line":65,"column":3}},"10":{"start":{"line":50,"column":6},"end":{"line":52,"column":9}},"11":{"start":{"line":54,"column":6},"end":{"line":56,"column":9}},"12":{"start":{"line":58,"column":6},"end":{"line":60,"column":9}},"13":{"start":{"line":62,"column":6},"end":{"line":64,"column":9}},"14":{"start":{"line":66,"column":2},"end":{"line":66,"column":15}}},"fnMap":{"0":{"name":"(anonymous_0)","decl":{"start":{"line":28,"column":15},"end":{"line":28,"column":16}},"loc":{"start":{"line":28,"column":27},"end":{"line":31,"column":3}},"line":28},"1":{"name":"(anonymous_1)","decl":{"start":{"line":32,"column":18},"end":{"line":32,"column":19}},"loc":{"start":{"line":32,"column":25},"end":{"line":35,"column":3}},"line":32},"2":{"name":"(anonymous_2)","decl":{"start":{"line":36,"column":29},"end":{"line":36,"column":30}},"loc":{"start":{"line":36,"column":36},"end":{"line":39,"column":3}},"line":36},"3":{"name":"(anonymous_3)","decl":{"start":{"line":40,"column":19},"end":{"line":40,"column":20}},"loc":{"start":{"line":40,"column":31},"end":{"line":43,"column":3}},"line":40},"4":{"name":"(anonymous_4)","decl":{"start":{"line":46,"column":16},"end":{"line":46,"column":17}},"loc":{"start":{"line":46,"column":50},"end":{"line":67,"column":1}},"line":46}},"branchMap":{"0":{"loc":{"start":{"line":46,"column":17},"end":{"line":46,"column":37}},"type":"default-arg","locations":[{"start":{"line":46,"column":25},"end":{"line":46,"column":37}}],"line":46},"1":{"loc":{"start":{"line":47,"column":2},"end":{"line":65,"column":3}},"type":"switch","locations":[{"start":{"line":49,"column":4},"end":{"line":52,"column":9}},{"start":{"line":53,"column":4},"end":{"line":56,"column":9}},{"start":{"line":57,"column":4},"end":{"line":60,"column":9}},{"start":{"line":61,"column":4},"end":{"line":64,"column":9}}],"line":47}},"s":{"0":5,"1":5,"2":5,"3":5,"4":1,"5":1,"6":1,"7":1,"8":5,"9":6,"10":2,"11":1,"12":1,"13":1,"14":1},"f":{"0":1,"1":1,"2":1,"3":1,"4":6},"b":{"0":[1],"1":[2,1,1,1]},"_coverageSchema":"1a1c01bbd47fc00a2c39e90264f33305004495a9","hash":"d3ec94f78089b21710d03c38a91ec8e60b2efed9"}
,"/Users/Anyuta/Documents/HTMLAcademy/React/What-To-Watch/src/utils.js": {"path":"/Users/Anyuta/Documents/HTMLAcademy/React/What-To-Watch/src/utils.js","statementMap":{"0":{"start":{"line":1,"column":22},"end":{"line":3,"column":1}},"1":{"start":{"line":2,"column":2},"end":{"line":2,"column":33}}},"fnMap":{"0":{"name":"(anonymous_0)","decl":{"start":{"line":1,"column":22},"end":{"line":1,"column":23}},"loc":{"start":{"line":1,"column":32},"end":{"line":3,"column":1}},"line":1}},"branchMap":{},"s":{"0":5,"1":5},"f":{"0":5},"b":{},"_coverageSchema":"1a1c01bbd47fc00a2c39e90264f33305004495a9","hash":"bd884eefa3078211a655af688f3fb8c95aa0ab39"}
,"/Users/Anyuta/Documents/HTMLAcademy/React/What-To-Watch/src/components/app/app.jsx": {"path":"/Users/Anyuta/Documents/HTMLAcademy/React/What-To-Watch/src/components/app/app.jsx","statementMap":{"0":{"start":{"line":11,"column":4},"end":{"line":11,"column":17}},"1":{"start":{"line":19,"column":30},"end":{"line":19,"column":40}},"2":{"start":{"line":21,"column":4},"end":{"line":27,"column":5}},"3":{"start":{"line":22,"column":6},"end":{"line":26,"column":9}},"4":{"start":{"line":29,"column":4},"end":{"line":34,"column":6}},"5":{"start":{"line":38,"column":62},"end":{"line":38,"column":72}},"6":{"start":{"line":40,"column":4},"end":{"line":55,"column":6}},"7":{"start":{"line":59,"column":0},"end":{"line":68,"column":2}},"8":{"start":{"line":70,"column":24},"end":{"line":74,"column":2}},"9":{"start":{"line":70,"column":36},"end":{"line":74,"column":1}},"10":{"start":{"line":76,"column":27},"end":{"line":80,"column":2}},"11":{"start":{"line":76,"column":42},"end":{"line":80,"column":1}},"12":{"start":{"line":78,"column":4},"end":{"line":78,"column":51}}},"fnMap":{"0":{"name":"(anonymous_0)","decl":{"start":{"line":10,"column":2},"end":{"line":10,"column":3}},"loc":{"start":{"line":10,"column":21},"end":{"line":12,"column":3}},"line":10},"1":{"name":"(anonymous_1)","decl":{"start":{"line":14,"column":2},"end":{"line":14,"column":3}},"loc":{"start":{"line":14,"column":15},"end":{"line":35,"column":3}},"line":14},"2":{"name":"(anonymous_2)","decl":{"start":{"line":37,"column":2},"end":{"line":37,"column":3}},"loc":{"start":{"line":37,"column":11},"end":{"line":56,"column":3}},"line":37},"3":{"name":"(anonymous_3)","decl":{"start":{"line":70,"column":24},"end":{"line":70,"column":25}},"loc":{"start":{"line":70,"column":36},"end":{"line":74,"column":1}},"line":70},"4":{"name":"(anonymous_4)","decl":{"start":{"line":76,"column":27},"end":{"line":76,"column":28}},"loc":{"start":{"line":76,"column":42},"end":{"line":80,"column":1}},"line":76},"5":{"name":"(anonymous_5)","decl":{"start":{"line":77,"column":2},"end":{"line":77,"column":3}},"loc":{"start":{"line":77,"column":30},"end":{"line":79,"column":3}},"line":77}},"branchMap":{"0":{"loc":{"start":{"line":21,"column":4},"end":{"line":27,"column":5}},"type":"if","locations":[{"start":{"line":21,"column":4},"end":{"line":27,"column":5}},{"start":{"line":21,"column":4},"end":{"line":27,"column":5}}],"line":21}},"s":{"0":1,"1":1,"2":1,"3":1,"4":0,"5":1,"6":1,"7":1,"8":1,"9":0,"10":1,"11":0,"12":0},"f":{"0":1,"1":1,"2":1,"3":0,"4":0,"5":0},"b":{"0":[1,0]},"_coverageSchema":"1a1c01bbd47fc00a2c39e90264f33305004495a9","hash":"0857cc4af983e65db6473f1f09e0bda9353824e4"}
,"/Users/Anyuta/Documents/HTMLAcademy/React/What-To-Watch/src/components/genre/genre.jsx": {"path":"/Users/Anyuta/Documents/HTMLAcademy/React/What-To-Watch/src/components/genre/genre.jsx","statementMap":{"0":{"start":{"line":4,"column":14},"end":{"line":21,"column":1}},"1":{"start":{"line":5,"column":49},"end":{"line":5,"column":54}},"2":{"start":{"line":6,"column":22},"end":{"line":6,"column":111}},"3":{"start":{"line":8,"column":2},"end":{"line":20,"column":4}},"4":{"start":{"line":14,"column":10},"end":{"line":14,"column":31}},"5":{"start":{"line":15,"column":10},"end":{"line":15,"column":34}},"6":{"start":{"line":23,"column":0},"end":{"line":27,"column":2}}},"fnMap":{"0":{"name":"(anonymous_0)","decl":{"start":{"line":4,"column":14},"end":{"line":4,"column":15}},"loc":{"start":{"line":4,"column":25},"end":{"line":21,"column":1}},"line":4},"1":{"name":"(anonymous_1)","decl":{"start":{"line":13,"column":17},"end":{"line":13,"column":18}},"loc":{"start":{"line":13,"column":26},"end":{"line":16,"column":9}},"line":13}},"branchMap":{"0":{"loc":{"start":{"line":6,"column":46},"end":{"line":6,"column":109}},"type":"cond-expr","locations":[{"start":{"line":6,"column":74},"end":{"line":6,"column":104}},{"start":{"line":6,"column":107},"end":{"line":6,"column":109}}],"line":6}},"s":{"0":4,"1":8,"2":8,"3":8,"4":0,"5":0,"6":4},"f":{"0":8,"1":0},"b":{"0":[3,5]},"_coverageSchema":"1a1c01bbd47fc00a2c39e90264f33305004495a9","hash":"8bf9d0b85d8959508049235fb2c0be1396b5f5c2"}
,"/Users/Anyuta/Documents/HTMLAcademy/React/What-To-Watch/src/components/genres-list/genres-list.jsx": {"path":"/Users/Anyuta/Documents/HTMLAcademy/React/What-To-Watch/src/components/genres-list/genres-list.jsx","statementMap":{"0":{"start":{"line":8,"column":26},"end":{"line":8,"column":27}},"1":{"start":{"line":10,"column":22},"end":{"line":12,"column":1}},"2":{"start":{"line":11,"column":2},"end":{"line":11,"column":70}},"3":{"start":{"line":11,"column":55},"end":{"line":11,"column":66}},"4":{"start":{"line":16,"column":4},"end":{"line":16,"column":17}},"5":{"start":{"line":20,"column":52},"end":{"line":20,"column":62}},"6":{"start":{"line":22,"column":4},"end":{"line":35,"column":6}},"7":{"start":{"line":25,"column":10},"end":{"line":32,"column":12}},"8":{"start":{"line":39,"column":0},"end":{"line":43,"column":2}},"9":{"start":{"line":45,"column":24},"end":{"line":48,"column":2}},"10":{"start":{"line":45,"column":36},"end":{"line":48,"column":1}},"11":{"start":{"line":50,"column":27},"end":{"line":55,"column":2}},"12":{"start":{"line":50,"column":42},"end":{"line":55,"column":1}},"13":{"start":{"line":52,"column":4},"end":{"line":52,"column":47}},"14":{"start":{"line":53,"column":4},"end":{"line":53,"column":56}}},"fnMap":{"0":{"name":"(anonymous_0)","decl":{"start":{"line":10,"column":22},"end":{"line":10,"column":23}},"loc":{"start":{"line":10,"column":34},"end":{"line":12,"column":1}},"line":10},"1":{"name":"(anonymous_1)","decl":{"start":{"line":11,"column":44},"end":{"line":11,"column":45}},"loc":{"start":{"line":11,"column":55},"end":{"line":11,"column":66}},"line":11},"2":{"name":"(anonymous_2)","decl":{"start":{"line":15,"column":2},"end":{"line":15,"column":3}},"loc":{"start":{"line":15,"column":21},"end":{"line":17,"column":3}},"line":15},"3":{"name":"(anonymous_3)","decl":{"start":{"line":19,"column":2},"end":{"line":19,"column":3}},"loc":{"start":{"line":19,"column":11},"end":{"line":36,"column":3}},"line":19},"4":{"name":"(anonymous_4)","decl":{"start":{"line":24,"column":52},"end":{"line":24,"column":53}},"loc":{"start":{"line":24,"column":70},"end":{"line":33,"column":9}},"line":24},"5":{"name":"(anonymous_5)","decl":{"start":{"line":45,"column":24},"end":{"line":45,"column":25}},"loc":{"start":{"line":45,"column":36},"end":{"line":48,"column":1}},"line":45},"6":{"name":"(anonymous_6)","decl":{"start":{"line":50,"column":27},"end":{"line":50,"column":28}},"loc":{"start":{"line":50,"column":42},"end":{"line":55,"column":1}},"line":50},"7":{"name":"(anonymous_7)","decl":{"start":{"line":51,"column":2},"end":{"line":51,"column":3}},"loc":{"start":{"line":51,"column":22},"end":{"line":54,"column":3}},"line":51}},"branchMap":{},"s":{"0":3,"1":3,"2":1,"3":2,"4":2,"5":2,"6":2,"7":7,"8":3,"9":3,"10":1,"11":3,"12":1,"13":0,"14":0},"f":{"0":1,"1":2,"2":2,"3":2,"4":7,"5":1,"6":1,"7":0},"b":{},"_coverageSchema":"1a1c01bbd47fc00a2c39e90264f33305004495a9","hash":"fd2240302e3114b9bedcbae8fe14ef76fe973906"}
,"/Users/Anyuta/Documents/HTMLAcademy/React/What-To-Watch/src/components/main/main.jsx": {"path":"/Users/Anyuta/Documents/HTMLAcademy/React/What-To-Watch/src/components/main/main.jsx","statementMap":{"0":{"start":{"line":7,"column":26},"end":{"line":7,"column":52}},"1":{"start":{"line":11,"column":4},"end":{"line":11,"column":17}},"2":{"start":{"line":18,"column":8},"end":{"line":18,"column":19}},"3":{"start":{"line":20,"column":4},"end":{"line":101,"column":6}},"4":{"start":{"line":105,"column":0},"end":{"line":112,"column":2}}},"fnMap":{"0":{"name":"(anonymous_0)","decl":{"start":{"line":10,"column":2},"end":{"line":10,"column":3}},"loc":{"start":{"line":10,"column":21},"end":{"line":12,"column":3}},"line":10},"1":{"name":"(anonymous_1)","decl":{"start":{"line":14,"column":2},"end":{"line":14,"column":3}},"loc":{"start":{"line":14,"column":11},"end":{"line":102,"column":3}},"line":14}},"branchMap":{},"s":{"0":2,"1":1,"2":1,"3":1,"4":2},"f":{"0":1,"1":1},"b":{},"_coverageSchema":"1a1c01bbd47fc00a2c39e90264f33305004495a9","hash":"727ad0c78694c8cc7969fbfe3e295efbedc60d93"}
,"/Users/Anyuta/Documents/HTMLAcademy/React/What-To-Watch/src/components/more-like-this/more-like-this.jsx": {"path":"/Users/Anyuta/Documents/HTMLAcademy/React/What-To-Watch/src/components/more-like-this/more-like-this.jsx","statementMap":{"0":{"start":{"line":6,"column":25},"end":{"line":6,"column":51}},"1":{"start":{"line":10,"column":4},"end":{"line":10,"column":17}},"2":{"start":{"line":14,"column":59},"end":{"line":14,"column":69}},"3":{"start":{"line":16,"column":4},"end":{"line":29,"column":6}},"4":{"start":{"line":19,"column":10},"end":{"line":26,"column":12}},"5":{"start":{"line":33,"column":0},"end":{"line":37,"column":2}}},"fnMap":{"0":{"name":"(anonymous_0)","decl":{"start":{"line":9,"column":2},"end":{"line":9,"column":3}},"loc":{"start":{"line":9,"column":21},"end":{"line":11,"column":3}},"line":9},"1":{"name":"(anonymous_1)","decl":{"start":{"line":13,"column":2},"end":{"line":13,"column":3}},"loc":{"start":{"line":13,"column":11},"end":{"line":30,"column":3}},"line":13},"2":{"name":"(anonymous_2)","decl":{"start":{"line":18,"column":20},"end":{"line":18,"column":21}},"loc":{"start":{"line":18,"column":38},"end":{"line":27,"column":9}},"line":18}},"branchMap":{},"s":{"0":3,"1":3,"2":3,"3":3,"4":2,"5":3},"f":{"0":3,"1":3,"2":2},"b":{},"_coverageSchema":"1a1c01bbd47fc00a2c39e90264f33305004495a9","hash":"5e318bff781f97d139c946a4c3d8d2ab631cb5ea"}
,"/Users/Anyuta/Documents/HTMLAcademy/React/What-To-Watch/src/components/movie-card/movie-card.jsx": {"path":"/Users/Anyuta/Documents/HTMLAcademy/React/What-To-Watch/src/components/movie-card/movie-card.jsx","statementMap":{"0":{"start":{"line":5,"column":22},"end":{"line":5,"column":26}},"1":{"start":{"line":9,"column":4},"end":{"line":9,"column":17}},"2":{"start":{"line":11,"column":4},"end":{"line":11,"column":25}},"3":{"start":{"line":13,"column":4},"end":{"line":13,"column":85}},"4":{"start":{"line":14,"column":4},"end":{"line":14,"column":63}},"5":{"start":{"line":15,"column":4},"end":{"line":15,"column":63}},"6":{"start":{"line":19,"column":38},"end":{"line":19,"column":48}},"7":{"start":{"line":21,"column":4},"end":{"line":21,"column":25}},"8":{"start":{"line":22,"column":4},"end":{"line":22,"column":28}},"9":{"start":{"line":26,"column":51},"end":{"line":26,"column":61}},"10":{"start":{"line":28,"column":4},"end":{"line":28,"column":28}},"11":{"start":{"line":29,"column":4},"end":{"line":29,"column":32}},"12":{"start":{"line":30,"column":4},"end":{"line":30,"column":59}},"13":{"start":{"line":34,"column":26},"end":{"line":34,"column":36}},"14":{"start":{"line":36,"column":4},"end":{"line":36,"column":32}},"15":{"start":{"line":37,"column":4},"end":{"line":37,"column":18}},"16":{"start":{"line":41,"column":31},"end":{"line":41,"column":41}},"17":{"start":{"line":43,"column":4},"end":{"line":66,"column":6}},"18":{"start":{"line":70,"column":4},"end":{"line":72,"column":5}},"19":{"start":{"line":71,"column":6},"end":{"line":71,"column":34}},"20":{"start":{"line":77,"column":0},"end":{"line":88,"column":2}}},"fnMap":{"0":{"name":"(anonymous_0)","decl":{"start":{"line":8,"column":2},"end":{"line":8,"column":3}},"loc":{"start":{"line":8,"column":21},"end":{"line":16,"column":3}},"line":8},"1":{"name":"(anonymous_1)","decl":{"start":{"line":18,"column":2},"end":{"line":18,"column":3}},"loc":{"start":{"line":18,"column":36},"end":{"line":23,"column":3}},"line":18},"2":{"name":"(anonymous_2)","decl":{"start":{"line":25,"column":2},"end":{"line":25,"column":3}},"loc":{"start":{"line":25,"column":22},"end":{"line":31,"column":3}},"line":25},"3":{"name":"(anonymous_3)","decl":{"start":{"line":33,"column":2},"end":{"line":33,"column":3}},"loc":{"start":{"line":33,"column":22},"end":{"line":38,"column":3}},"line":33},"4":{"name":"(anonymous_4)","decl":{"start":{"line":40,"column":2},"end":{"line":40,"column":3}},"loc":{"start":{"line":40,"column":11},"end":{"line":67,"column":3}},"line":40},"5":{"name":"(anonymous_5)","decl":{"start":{"line":69,"column":2},"end":{"line":69,"column":3}},"loc":{"start":{"line":69,"column":25},"end":{"line":73,"column":3}},"line":69}},"branchMap":{"0":{"loc":{"start":{"line":70,"column":4},"end":{"line":72,"column":5}},"type":"if","locations":[{"start":{"line":70,"column":4},"end":{"line":72,"column":5}},{"start":{"line":70,"column":4},"end":{"line":72,"column":5}}],"line":70}},"s":{"0":7,"1":10,"2":10,"3":10,"4":10,"5":10,"6":2,"7":2,"8":2,"9":1,"10":1,"11":1,"12":1,"13":0,"14":0,"15":0,"16":10,"17":10,"18":0,"19":0,"20":7},"f":{"0":10,"1":2,"2":1,"3":0,"4":10,"5":0},"b":{"0":[0,0]},"_coverageSchema":"1a1c01bbd47fc00a2c39e90264f33305004495a9","hash":"3f7e36199c268132270696acba299166f58f50fb"}
,"/Users/Anyuta/Documents/HTMLAcademy/React/What-To-Watch/src/components/movie-details/movie-details.jsx": {"path":"/Users/Anyuta/Documents/HTMLAcademy/React/What-To-Watch/src/components/movie-details/movie-details.jsx","statementMap":{"0":{"start":{"line":4,"column":21},"end":{"line":47,"column":1}},"1":{"start":{"line":5,"column":67},"end":{"line":5,"column":72}},"2":{"start":{"line":6,"column":22},"end":{"line":6,"column":40}},"3":{"start":{"line":8,"column":2},"end":{"line":46,"column":4}},"4":{"start":{"line":20,"column":16},"end":{"line":24,"column":18}},"5":{"start":{"line":49,"column":0},"end":{"line":68,"column":2}}},"fnMap":{"0":{"name":"(anonymous_0)","decl":{"start":{"line":4,"column":21},"end":{"line":4,"column":22}},"loc":{"start":{"line":4,"column":32},"end":{"line":47,"column":1}},"line":4},"1":{"name":"(anonymous_1)","decl":{"start":{"line":19,"column":31},"end":{"line":19,"column":32}},"loc":{"start":{"line":19,"column":49},"end":{"line":25,"column":15}},"line":19}},"branchMap":{},"s":{"0":4,"1":1,"2":1,"3":1,"4":7,"5":4},"f":{"0":1,"1":7},"b":{},"_coverageSchema":"1a1c01bbd47fc00a2c39e90264f33305004495a9","hash":"63b7c33345d557484385a318a4a1a1679f60cbad"}
,"/Users/Anyuta/Documents/HTMLAcademy/React/What-To-Watch/src/components/movie-overview/movie-overview.jsx": {"path":"/Users/Anyuta/Documents/HTMLAcademy/React/What-To-Watch/src/components/movie-overview/movie-overview.jsx","statementMap":{"0":{"start":{"line":4,"column":22},"end":{"line":25,"column":1}},"1":{"start":{"line":5,"column":59},"end":{"line":5,"column":64}},"2":{"start":{"line":7,"column":2},"end":{"line":24,"column":4}},"3":{"start":{"line":27,"column":0},"end":{"line":46,"column":2}}},"fnMap":{"0":{"name":"(anonymous_0)","decl":{"start":{"line":4,"column":22},"end":{"line":4,"column":23}},"loc":{"start":{"line":4,"column":33},"end":{"line":25,"column":1}},"line":4}},"branchMap":{},"s":{"0":4,"1":4,"2":4,"3":4},"f":{"0":4},"b":{},"_coverageSchema":"1a1c01bbd47fc00a2c39e90264f33305004495a9","hash":"5e749bf6211f304af48aaebda6cc4f560c3de404"}
,"/Users/Anyuta/Documents/HTMLAcademy/React/What-To-Watch/src/components/movie-page/movie-page.jsx": {"path":"/Users/Anyuta/Documents/HTMLAcademy/React/What-To-Watch/src/components/movie-page/movie-page.jsx","statementMap":{"0":{"start":{"line":9,"column":28},"end":{"line":9,"column":56}},"1":{"start":{"line":10,"column":24},"end":{"line":10,"column":47}},"2":{"start":{"line":12,"column":29},"end":{"line":12,"column":30}},"3":{"start":{"line":14,"column":18},"end":{"line":110,"column":1}},"4":{"start":{"line":15,"column":53},"end":{"line":15,"column":58}},"5":{"start":{"line":17,"column":25},"end":{"line":17,"column":130}},"6":{"start":{"line":17,"column":57},"end":{"line":17,"column":129}},"7":{"start":{"line":18,"column":24},"end":{"line":18,"column":69}},"8":{"start":{"line":20,"column":2},"end":{"line":109,"column":4}},"9":{"start":{"line":112,"column":0},"end":{"line":134,"column":2}},"10":{"start":{"line":136,"column":24},"end":{"line":138,"column":2}},"11":{"start":{"line":136,"column":36},"end":{"line":138,"column":1}}},"fnMap":{"0":{"name":"(anonymous_0)","decl":{"start":{"line":14,"column":18},"end":{"line":14,"column":19}},"loc":{"start":{"line":14,"column":29},"end":{"line":110,"column":1}},"line":14},"1":{"name":"(anonymous_1)","decl":{"start":{"line":17,"column":39},"end":{"line":17,"column":40}},"loc":{"start":{"line":17,"column":57},"end":{"line":17,"column":129}},"line":17},"2":{"name":"(anonymous_2)","decl":{"start":{"line":136,"column":24},"end":{"line":136,"column":25}},"loc":{"start":{"line":136,"column":36},"end":{"line":138,"column":1}},"line":136}},"branchMap":{"0":{"loc":{"start":{"line":17,"column":57},"end":{"line":17,"column":129}},"type":"binary-expr","locations":[{"start":{"line":17,"column":57},"end":{"line":17,"column":91}},{"start":{"line":17,"column":95},"end":{"line":17,"column":129}}],"line":17}},"s":{"0":2,"1":2,"2":2,"3":2,"4":2,"5":2,"6":5,"7":2,"8":2,"9":2,"10":2,"11":1},"f":{"0":2,"1":5,"2":1},"b":{"0":[5,2]},"_coverageSchema":"1a1c01bbd47fc00a2c39e90264f33305004495a9","hash":"251bcda0724fdb5e2c76809b59d105d2c6171cc6"}
,"/Users/Anyuta/Documents/HTMLAcademy/React/What-To-Watch/src/components/movie-reviews/movie-reviews.jsx": {"path":"/Users/Anyuta/Documents/HTMLAcademy/React/What-To-Watch/src/components/movie-reviews/movie-reviews.jsx","statementMap":{"0":{"start":{"line":6,"column":21},"end":{"line":25,"column":1}},"1":{"start":{"line":7,"column":20},"end":{"line":7,"column":25}},"2":{"start":{"line":9,"column":22},"end":{"line":9,"column":51}},"3":{"start":{"line":10,"column":28},"end":{"line":10,"column":57}},"4":{"start":{"line":11,"column":29},"end":{"line":11,"column":71}},"5":{"start":{"line":12,"column":27},"end":{"line":12,"column":66}},"6":{"start":{"line":14,"column":2},"end":{"line":24,"column":4}},"7":{"start":{"line":17,"column":8},"end":{"line":21,"column":10}},"8":{"start":{"line":19,"column":45},"end":{"line":19,"column":87}},"9":{"start":{"line":27,"column":0},"end":{"line":37,"column":2}}},"fnMap":{"0":{"name":"(anonymous_0)","decl":{"start":{"line":6,"column":21},"end":{"line":6,"column":22}},"loc":{"start":{"line":6,"column":32},"end":{"line":25,"column":1}},"line":6},"1":{"name":"(anonymous_1)","decl":{"start":{"line":16,"column":28},"end":{"line":16,"column":29}},"loc":{"start":{"line":16,"column":56},"end":{"line":22,"column":7}},"line":16},"2":{"name":"(anonymous_2)","decl":{"start":{"line":19,"column":33},"end":{"line":19,"column":34}},"loc":{"start":{"line":19,"column":45},"end":{"line":19,"column":87}},"line":19}},"branchMap":{},"s":{"0":4,"1":1,"2":1,"3":1,"4":1,"5":1,"6":1,"7":2,"8":2,"9":4},"f":{"0":1,"1":2,"2":2},"b":{},"_coverageSchema":"1a1c01bbd47fc00a2c39e90264f33305004495a9","hash":"60cf74485d77fbfadce8b62804495e5d23549b9d"}
,"/Users/Anyuta/Documents/HTMLAcademy/React/What-To-Watch/src/components/movies-list/movies-list.jsx": {"path":"/Users/Anyuta/Documents/HTMLAcademy/React/What-To-Watch/src/components/movies-list/movies-list.jsx","statementMap":{"0":{"start":{"line":10,"column":25},"end":{"line":10,"column":51}},"1":{"start":{"line":12,"column":29},"end":{"line":12,"column":95}},"2":{"start":{"line":12,"column":48},"end":{"line":12,"column":95}},"3":{"start":{"line":12,"column":73},"end":{"line":12,"column":94}},"4":{"start":{"line":16,"column":4},"end":{"line":16,"column":17}},"5":{"start":{"line":20,"column":103},"end":{"line":20,"column":113}},"6":{"start":{"line":21,"column":24},"end":{"line":21,"column":56}},"7":{"start":{"line":23,"column":4},"end":{"line":43,"column":6}},"8":{"start":{"line":27,"column":12},"end":{"line":34,"column":14}},"9":{"start":{"line":47,"column":0},"end":{"line":53,"column":2}},"10":{"start":{"line":55,"column":24},"end":{"line":58,"column":2}},"11":{"start":{"line":55,"column":36},"end":{"line":58,"column":1}},"12":{"start":{"line":60,"column":27},"end":{"line":64,"column":2}},"13":{"start":{"line":60,"column":42},"end":{"line":64,"column":1}},"14":{"start":{"line":62,"column":4},"end":{"line":62,"column":45}}},"fnMap":{"0":{"name":"(anonymous_0)","decl":{"start":{"line":12,"column":29},"end":{"line":12,"column":30}},"loc":{"start":{"line":12,"column":48},"end":{"line":12,"column":95}},"line":12},"1":{"name":"(anonymous_1)","decl":{"start":{"line":12,"column":62},"end":{"line":12,"column":63}},"loc":{"start":{"line":12,"column":73},"end":{"line":12,"column":94}},"line":12},"2":{"name":"(anonymous_2)","decl":{"start":{"line":15,"column":2},"end":{"line":15,"column":3}},"loc":{"start":{"line":15,"column":21},"end":{"line":17,"column":3}},"line":15},"3":{"name":"(anonymous_3)","decl":{"start":{"line":19,"column":2},"end":{"line":19,"column":3}},"loc":{"start":{"line":19,"column":11},"end":{"line":44,"column":3}},"line":19},"4":{"name":"(anonymous_4)","decl":{"start":{"line":26,"column":27},"end":{"line":26,"column":28}},"loc":{"start":{"line":26,"column":45},"end":{"line":35,"column":11}},"line":26},"5":{"name":"(anonymous_5)","decl":{"start":{"line":55,"column":24},"end":{"line":55,"column":25}},"loc":{"start":{"line":55,"column":36},"end":{"line":58,"column":1}},"line":55},"6":{"name":"(anonymous_6)","decl":{"start":{"line":60,"column":27},"end":{"line":60,"column":28}},"loc":{"start":{"line":60,"column":42},"end":{"line":64,"column":1}},"line":60},"7":{"name":"(anonymous_7)","decl":{"start":{"line":61,"column":2},"end":{"line":61,"column":3}},"loc":{"start":{"line":61,"column":30},"end":{"line":63,"column":3}},"line":61}},"branchMap":{"0":{"loc":{"start":{"line":38,"column":11},"end":{"line":40,"column":12}},"type":"binary-expr","locations":[{"start":{"line":38,"column":11},"end":{"line":38,"column":42}},{"start":{"line":38,"column":46},"end":{"line":40,"column":12}}],"line":38},"1":{"loc":{"start":{"line":56,"column":10},"end":{"line":56,"column":103}},"type":"cond-expr","locations":[{"start":{"line":56,"column":41},"end":{"line":56,"column":53}},{"start":{"line":56,"column":56},"end":{"line":56,"column":103}}],"line":56}},"s":{"0":3,"1":3,"2":0,"3":0,"4":2,"5":2,"6":2,"7":2,"8":4,"9":3,"10":3,"11":1,"12":3,"13":1,"14":0},"f":{"0":0,"1":0,"2":2,"3":2,"4":4,"5":1,"6":1,"7":0},"b":{"0":[2,0],"1":[1,0]},"_coverageSchema":"1a1c01bbd47fc00a2c39e90264f33305004495a9","hash":"d2a76054dff78279872b0fb4e7845e2f531243fd"}
,"/Users/Anyuta/Documents/HTMLAcademy/React/What-To-Watch/src/components/review/review.jsx": {"path":"/Users/Anyuta/Documents/HTMLAcademy/React/What-To-Watch/src/components/review/review.jsx","statementMap":{"0":{"start":{"line":4,"column":15},"end":{"line":21,"column":1}},"1":{"start":{"line":5,"column":19},"end":{"line":5,"column":24}},"2":{"start":{"line":7,"column":2},"end":{"line":20,"column":4}},"3":{"start":{"line":23,"column":0},"end":{"line":30,"column":2}}},"fnMap":{"0":{"name":"(anonymous_0)","decl":{"start":{"line":4,"column":15},"end":{"line":4,"column":16}},"loc":{"start":{"line":4,"column":26},"end":{"line":21,"column":1}},"line":4}},"branchMap":{},"s":{"0":5,"1":3,"2":3,"3":5},"f":{"0":3},"b":{},"_coverageSchema":"1a1c01bbd47fc00a2c39e90264f33305004495a9","hash":"3545bfcb00f6d14aa3f6be42ba4cbb8d5e8eac25"}
,"/Users/Anyuta/Documents/HTMLAcademy/React/What-To-Watch/src/components/show-more-button/show-more-button.jsx": {"path":"/Users/Anyuta/Documents/HTMLAcademy/React/What-To-Watch/src/components/show-more-button/show-more-button.jsx","statementMap":{"0":{"start":{"line":4,"column":23},"end":{"line":14,"column":1}},"1":{"start":{"line":5,"column":38},"end":{"line":5,"column":43}},"2":{"start":{"line":7,"column":2},"end":{"line":13,"column":4}},"3":{"start":{"line":16,"column":0},"end":{"line":18,"column":2}}},"fnMap":{"0":{"name":"(anonymous_0)","decl":{"start":{"line":4,"column":23},"end":{"line":4,"column":24}},"loc":{"start":{"line":4,"column":34},"end":{"line":14,"column":1}},"line":4}},"branchMap":{},"s":{"0":5,"1":2,"2":2,"3":5},"f":{"0":2},"b":{},"_coverageSchema":"1a1c01bbd47fc00a2c39e90264f33305004495a9","hash":"e252d6a29590c5f4520171bc40b2d68d2b0d74e4"}
,"/Users/Anyuta/Documents/HTMLAcademy/React/What-To-Watch/src/components/tab/tab.jsx": {"path":"/Users/Anyuta/Documents/HTMLAcademy/React/What-To-Watch/src/components/tab/tab.jsx","statementMap":{"0":{"start":{"line":4,"column":12},"end":{"line":23,"column":1}},"1":{"start":{"line":5,"column":44},"end":{"line":5,"column":49}},"2":{"start":{"line":6,"column":22},"end":{"line":6,"column":98}},"3":{"start":{"line":8,"column":25},"end":{"line":13,"column":3}},"4":{"start":{"line":9,"column":4},"end":{"line":12,"column":6}},"5":{"start":{"line":10,"column":6},"end":{"line":10,"column":27}},"6":{"start":{"line":11,"column":6},"end":{"line":11,"column":27}},"7":{"start":{"line":15,"column":2},"end":{"line":22,"column":4}},"8":{"start":{"line":25,"column":0},"end":{"line":29,"column":2}}},"fnMap":{"0":{"name":"(anonymous_0)","decl":{"start":{"line":4,"column":12},"end":{"line":4,"column":13}},"loc":{"start":{"line":4,"column":23},"end":{"line":23,"column":1}},"line":4},"1":{"name":"(anonymous_1)","decl":{"start":{"line":8,"column":25},"end":{"line":8,"column":26}},"loc":{"start":{"line":8,"column":31},"end":{"line":13,"column":3}},"line":8},"2":{"name":"(anonymous_2)","decl":{"start":{"line":9,"column":11},"end":{"line":9,"column":12}},"loc":{"start":{"line":9,"column":20},"end":{"line":12,"column":5}},"line":9}},"branchMap":{"0":{"loc":{"start":{"line":6,"column":41},"end":{"line":6,"column":96}},"type":"cond-expr","locations":[{"start":{"line":6,"column":66},"end":{"line":6,"column":91}},{"start":{"line":6,"column":94},"end":{"line":6,"column":96}}],"line":6}},"s":{"0":4,"1":10,"2":10,"3":10,"4":10,"5":0,"6":0,"7":10,"8":4},"f":{"0":10,"1":10,"2":0},"b":{"0":[4,6]},"_coverageSchema":"1a1c01bbd47fc00a2c39e90264f33305004495a9","hash":"162996099470b825ba229e5b946e7ddaabe7b324"}
,"/Users/Anyuta/Documents/HTMLAcademy/React/What-To-Watch/src/components/tabs-list/tabs-list.jsx": {"path":"/Users/Anyuta/Documents/HTMLAcademy/React/What-To-Watch/src/components/tabs-list/tabs-list.jsx","statementMap":{"0":{"start":{"line":11,"column":4},"end":{"line":11,"column":17}},"1":{"start":{"line":15,"column":40},"end":{"line":15,"column":50}},"2":{"start":{"line":17,"column":4},"end":{"line":40,"column":5}},"3":{"start":{"line":19,"column":8},"end":{"line":23,"column":10}},"4":{"start":{"line":25,"column":8},"end":{"line":28,"column":10}},"5":{"start":{"line":30,"column":8},"end":{"line":33,"column":10}},"6":{"start":{"line":35,"column":8},"end":{"line":39,"column":10}},"7":{"start":{"line":44,"column":22},"end":{"line":44,"column":41}},"8":{"start":{"line":45,"column":36},"end":{"line":45,"column":46}},"9":{"start":{"line":47,"column":4},"end":{"line":65,"column":6}},"10":{"start":{"line":52,"column":14},"end":{"line":59,"column":16}},"11":{"start":{"line":69,"column":0},"end":{"line":83,"column":2}}},"fnMap":{"0":{"name":"(anonymous_0)","decl":{"start":{"line":10,"column":2},"end":{"line":10,"column":3}},"loc":{"start":{"line":10,"column":21},"end":{"line":12,"column":3}},"line":10},"1":{"name":"(anonymous_1)","decl":{"start":{"line":14,"column":2},"end":{"line":14,"column":3}},"loc":{"start":{"line":14,"column":21},"end":{"line":41,"column":3}},"line":14},"2":{"name":"(anonymous_2)","decl":{"start":{"line":43,"column":2},"end":{"line":43,"column":3}},"loc":{"start":{"line":43,"column":11},"end":{"line":66,"column":3}},"line":43},"3":{"name":"(anonymous_3)","decl":{"start":{"line":51,"column":27},"end":{"line":51,"column":28}},"loc":{"start":{"line":51,"column":45},"end":{"line":60,"column":13}},"line":51}},"branchMap":{"0":{"loc":{"start":{"line":17,"column":4},"end":{"line":40,"column":5}},"type":"switch","locations":[{"start":{"line":18,"column":6},"end":{"line":23,"column":10}},{"start":{"line":24,"column":6},"end":{"line":28,"column":10}},{"start":{"line":29,"column":6},"end":{"line":33,"column":10}},{"start":{"line":34,"column":6},"end":{"line":39,"column":10}}],"line":17}},"s":{"0":3,"1":3,"2":3,"3":3,"4":0,"5":0,"6":0,"7":3,"8":3,"9":3,"10":9,"11":3},"f":{"0":3,"1":3,"2":3,"3":9},"b":{"0":[3,0,0,0]},"_coverageSchema":"1a1c01bbd47fc00a2c39e90264f33305004495a9","hash":"506ce45f42d8ce56cab4a372d8e5f736f592255a"}
,"/Users/Anyuta/Documents/HTMLAcademy/React/What-To-Watch/src/components/video-player/video-player.jsx": {"path":"/Users/Anyuta/Documents/HTMLAcademy/React/What-To-Watch/src/components/video-player/video-player.jsx","statementMap":{"0":{"start":{"line":6,"column":4},"end":{"line":6,"column":17}},"1":{"start":{"line":8,"column":4},"end":{"line":8,"column":33}},"2":{"start":{"line":12,"column":33},"end":{"line":12,"column":43}},"3":{"start":{"line":13,"column":18},"end":{"line":13,"column":40}},"4":{"start":{"line":15,"column":4},"end":{"line":15,"column":20}},"5":{"start":{"line":16,"column":4},"end":{"line":16,"column":26}},"6":{"start":{"line":17,"column":4},"end":{"line":17,"column":24}},"7":{"start":{"line":21,"column":18},"end":{"line":21,"column":40}},"8":{"start":{"line":23,"column":4},"end":{"line":23,"column":19}},"9":{"start":{"line":24,"column":4},"end":{"line":24,"column":22}},"10":{"start":{"line":25,"column":4},"end":{"line":25,"column":24}},"11":{"start":{"line":26,"column":4},"end":{"line":26,"column":25}},"12":{"start":{"line":30,"column":4},"end":{"line":35,"column":6}},"13":{"start":{"line":39,"column":18},"end":{"line":39,"column":40}},"14":{"start":{"line":41,"column":4},"end":{"line":45,"column":5}},"15":{"start":{"line":42,"column":6},"end":{"line":42,"column":19}},"16":{"start":{"line":44,"column":6},"end":{"line":44,"column":19}},"17":{"start":{"line":49,"column":0},"end":{"line":54,"column":2}}},"fnMap":{"0":{"name":"(anonymous_0)","decl":{"start":{"line":5,"column":2},"end":{"line":5,"column":3}},"loc":{"start":{"line":5,"column":21},"end":{"line":9,"column":3}},"line":5},"1":{"name":"(anonymous_1)","decl":{"start":{"line":11,"column":2},"end":{"line":11,"column":3}},"loc":{"start":{"line":11,"column":22},"end":{"line":18,"column":3}},"line":11},"2":{"name":"(anonymous_2)","decl":{"start":{"line":20,"column":2},"end":{"line":20,"column":3}},"loc":{"start":{"line":20,"column":25},"end":{"line":27,"column":3}},"line":20},"3":{"name":"(anonymous_3)","decl":{"start":{"line":29,"column":2},"end":{"line":29,"column":3}},"loc":{"start":{"line":29,"column":11},"end":{"line":36,"column":3}},"line":29},"4":{"name":"(anonymous_4)","decl":{"start":{"line":38,"column":2},"end":{"line":38,"column":3}},"loc":{"start":{"line":38,"column":23},"end":{"line":46,"column":3}},"line":38}},"branchMap":{"0":{"loc":{"start":{"line":41,"column":4},"end":{"line":45,"column":5}},"type":"if","locations":[{"start":{"line":41,"column":4},"end":{"line":45,"column":5}},{"start":{"line":41,"column":4},"end":{"line":45,"column":5}}],"line":41}},"s":{"0":13,"1":13,"2":13,"3":13,"4":13,"5":13,"6":13,"7":0,"8":0,"9":0,"10":0,"11":0,"12":13,"13":0,"14":0,"15":0,"16":0,"17":9},"f":{"0":13,"1":13,"2":0,"3":13,"4":0},"b":{"0":[0,0]},"_coverageSchema":"1a1c01bbd47fc00a2c39e90264f33305004495a9","hash":"0838ead30e8ad3f7d4d7f345d4867cbebda548d9"}
,"/Users/Anyuta/Documents/HTMLAcademy/React/What-To-Watch/src/hocs/with-active-card/with-active-card.js": {"path":"/Users/Anyuta/Documents/HTMLAcademy/React/What-To-Watch/src/hocs/with-active-card/with-active-card.js","statementMap":{"0":{"start":{"line":3,"column":23},"end":{"line":33,"column":1}},"1":{"start":{"line":6,"column":6},"end":{"line":6,"column":19}},"2":{"start":{"line":8,"column":6},"end":{"line":10,"column":8}},"3":{"start":{"line":12,"column":6},"end":{"line":12,"column":77}},"4":{"start":{"line":16,"column":6},"end":{"line":18,"column":9}},"5":{"start":{"line":22,"column":27},"end":{"line":22,"column":37}},"6":{"start":{"line":24,"column":6},"end":{"line":28,"column":10}},"7":{"start":{"line":32,"column":2},"end":{"line":32,"column":24}}},"fnMap":{"0":{"name":"(anonymous_0)","decl":{"start":{"line":3,"column":23},"end":{"line":3,"column":24}},"loc":{"start":{"line":3,"column":38},"end":{"line":33,"column":1}},"line":3},"1":{"name":"(anonymous_1)","decl":{"start":{"line":5,"column":4},"end":{"line":5,"column":5}},"loc":{"start":{"line":5,"column":23},"end":{"line":13,"column":5}},"line":5},"2":{"name":"(anonymous_2)","decl":{"start":{"line":15,"column":4},"end":{"line":15,"column":5}},"loc":{"start":{"line":15,"column":41},"end":{"line":19,"column":5}},"line":15},"3":{"name":"(anonymous_3)","decl":{"start":{"line":21,"column":4},"end":{"line":21,"column":5}},"loc":{"start":{"line":21,"column":13},"end":{"line":29,"column":5}},"line":21}},"branchMap":{},"s":{"0":4,"1":4,"2":4,"3":4,"4":0,"5":4,"6":4,"7":5},"f":{"0":5,"1":4,"2":0,"3":4},"b":{},"_coverageSchema":"1a1c01bbd47fc00a2c39e90264f33305004495a9","hash":"cf42f70d421806fb8e2d1556c3a10e878289d689"}
,"/Users/Anyuta/Documents/HTMLAcademy/React/What-To-Watch/src/hocs/with-active-tab/with-active-tab.js": {"path":"/Users/Anyuta/Documents/HTMLAcademy/React/What-To-Watch/src/hocs/with-active-tab/with-active-tab.js","statementMap":{"0":{"start":{"line":4,"column":22},"end":{"line":34,"column":1}},"1":{"start":{"line":7,"column":6},"end":{"line":7,"column":19}},"2":{"start":{"line":9,"column":6},"end":{"line":11,"column":8}},"3":{"start":{"line":13,"column":6},"end":{"line":13,"column":61}},"4":{"start":{"line":17,"column":6},"end":{"line":19,"column":9}},"5":{"start":{"line":23,"column":26},"end":{"line":23,"column":36}},"6":{"start":{"line":25,"column":6},"end":{"line":29,"column":10}},"7":{"start":{"line":33,"column":2},"end":{"line":33,"column":23}}},"fnMap":{"0":{"name":"(anonymous_0)","decl":{"start":{"line":4,"column":22},"end":{"line":4,"column":23}},"loc":{"start":{"line":4,"column":37},"end":{"line":34,"column":1}},"line":4},"1":{"name":"(anonymous_1)","decl":{"start":{"line":6,"column":4},"end":{"line":6,"column":5}},"loc":{"start":{"line":6,"column":23},"end":{"line":14,"column":5}},"line":6},"2":{"name":"(anonymous_2)","decl":{"start":{"line":16,"column":4},"end":{"line":16,"column":5}},"loc":{"start":{"line":16,"column":32},"end":{"line":20,"column":5}},"line":16},"3":{"name":"(anonymous_3)","decl":{"start":{"line":22,"column":4},"end":{"line":22,"column":5}},"loc":{"start":{"line":22,"column":13},"end":{"line":30,"column":5}},"line":22}},"branchMap":{},"s":{"0":3,"1":3,"2":3,"3":3,"4":0,"5":3,"6":3,"7":3},"f":{"0":3,"1":3,"2":0,"3":3},"b":{},"_coverageSchema":"1a1c01bbd47fc00a2c39e90264f33305004495a9","hash":"59a30595fdc56e40e50abb681f4b0530e8311903"}
,"/Users/Anyuta/Documents/HTMLAcademy/React/What-To-Watch/src/hocs/with-video-player/with-video-player.js": {"path":"/Users/Anyuta/Documents/HTMLAcademy/React/What-To-Watch/src/hocs/with-video-player/with-video-player.js","statementMap":{"0":{"start":{"line":3,"column":24},"end":{"line":43,"column":1}},"1":{"start":{"line":6,"column":6},"end":{"line":6,"column":19}},"2":{"start":{"line":8,"column":6},"end":{"line":10,"column":8}},"3":{"start":{"line":12,"column":6},"end":{"line":12,"column":63}},"4":{"start":{"line":13,"column":6},"end":{"line":13,"column":63}},"5":{"start":{"line":17,"column":6},"end":{"line":19,"column":9}},"6":{"start":{"line":23,"column":6},"end":{"line":25,"column":9}},"7":{"start":{"line":29,"column":26},"end":{"line":29,"column":36}},"8":{"start":{"line":31,"column":6},"end":{"line":38,"column":8}},"9":{"start":{"line":42,"column":2},"end":{"line":42,"column":25}}},"fnMap":{"0":{"name":"(anonymous_0)","decl":{"start":{"line":3,"column":24},"end":{"line":3,"column":25}},"loc":{"start":{"line":3,"column":39},"end":{"line":43,"column":1}},"line":3},"1":{"name":"(anonymous_1)","decl":{"start":{"line":5,"column":4},"end":{"line":5,"column":5}},"loc":{"start":{"line":5,"column":23},"end":{"line":14,"column":5}},"line":5},"2":{"name":"(anonymous_2)","decl":{"start":{"line":16,"column":4},"end":{"line":16,"column":5}},"loc":{"start":{"line":16,"column":23},"end":{"line":20,"column":5}},"line":16},"3":{"name":"(anonymous_3)","decl":{"start":{"line":22,"column":4},"end":{"line":22,"column":5}},"loc":{"start":{"line":22,"column":23},"end":{"line":26,"column":5}},"line":22},"4":{"name":"(anonymous_4)","decl":{"start":{"line":28,"column":4},"end":{"line":28,"column":5}},"loc":{"start":{"line":28,"column":13},"end":{"line":39,"column":5}},"line":28}},"branchMap":{},"s":{"0":6,"1":7,"2":7,"3":7,"4":7,"5":0,"6":0,"7":7,"8":7,"9":7},"f":{"0":7,"1":7,"2":0,"3":0,"4":7},"b":{},"_coverageSchema":"1a1c01bbd47fc00a2c39e90264f33305004495a9","hash":"74e4733f20a37e880f1fe1bb354e177f78538a93"}
,"/Users/Anyuta/Documents/HTMLAcademy/React/What-To-Watch/src/mocks/movies.js": {"path":"/Users/Anyuta/Documents/HTMLAcademy/React/What-To-Watch/src/mocks/movies.js","statementMap":{"0":{"start":{"line":1,"column":27},"end":{"line":5,"column":1}},"1":{"start":{"line":7,"column":22},"end":{"line":368,"column":1}}},"fnMap":{},"branchMap":{},"s":{"0":5,"1":5},"f":{},"b":{},"_coverageSchema":"1a1c01bbd47fc00a2c39e90264f33305004495a9","hash":"9394785f342432cbff95c93ae1f9c6e005b05860"}
,"/Users/Anyuta/Documents/HTMLAcademy/React/What-To-Watch/src/mocks/reviews.js": {"path":"/Users/Anyuta/Documents/HTMLAcademy/React/What-To-Watch/src/mocks/reviews.js","statementMap":{"0":{"start":{"line":1,"column":23},"end":{"line":44,"column":1}}},"fnMap":{},"branchMap":{},"s":{"0":5},"f":{},"b":{},"_coverageSchema":"1a1c01bbd47fc00a2c39e90264f33305004495a9","hash":"096fe2fd4ff4e64c024b21743d197d661410540c"}
}
