TN:
SF:src/const.js
FNF:0
FNH:0
DA:1,8
DA:3,8
LF:2
LH:2
BRF:0
BRH:0
end_of_record
TN:
SF:src/reducer.js
FN:28,(anonymous_0)
FN:32,(anonymous_1)
FN:36,(anonymous_2)
FN:40,(anonymous_3)
FN:46,(anonymous_4)
FNF:5
FNH:5
FNDA:1,(anonymous_0)
FNDA:1,(anonymous_1)
FNDA:1,(anonymous_2)
FNDA:1,(anonymous_3)
FNDA:6,(anonymous_4)
DA:6,5
DA:11,5
DA:20,5
DA:27,5
DA:28,1
DA:32,1
DA:36,1
DA:40,1
DA:46,5
DA:47,6
DA:50,2
DA:54,1
DA:58,1
DA:62,1
DA:66,1
LF:15
LH:15
BRDA:46,0,0,1
BRDA:47,1,0,2
BRDA:47,1,1,1
BRDA:47,1,2,1
BRDA:47,1,3,1
BRF:5
BRH:5
end_of_record
TN:
SF:src/utils.js
FN:1,(anonymous_0)
FNF:1
FNH:1
FNDA:5,(anonymous_0)
DA:1,5
DA:2,5
LF:2
LH:2
BRF:0
BRH:0
end_of_record
TN:
SF:src/components/app/app.jsx
FN:10,(anonymous_0)
FN:14,(anonymous_1)
FN:37,(anonymous_2)
FN:70,(anonymous_3)
FN:76,(anonymous_4)
FN:77,(anonymous_5)
FNF:6
FNH:3
FNDA:1,(anonymous_0)
FNDA:1,(anonymous_1)
FNDA:1,(anonymous_2)
FNDA:0,(anonymous_3)
FNDA:0,(anonymous_4)
FNDA:0,(anonymous_5)
DA:11,1
DA:19,1
DA:21,1
DA:22,1
DA:29,0
DA:38,1
DA:40,1
DA:59,1
DA:70,1
DA:76,1
DA:78,0
LF:11
LH:9
BRDA:21,0,0,1
BRDA:21,0,1,0
BRF:2
BRH:1
end_of_record
TN:
SF:src/components/genre/genre.jsx
FN:4,(anonymous_0)
FN:13,(anonymous_1)
FNF:2
FNH:1
FNDA:8,(anonymous_0)
FNDA:0,(anonymous_1)
DA:4,4
DA:5,8
DA:6,8
DA:8,8
DA:14,0
DA:15,0
DA:23,4
LF:7
LH:5
BRDA:6,0,0,3
BRDA:6,0,1,5
BRF:2
BRH:2
end_of_record
TN:
SF:src/components/genres-list/genres-list.jsx
FN:10,(anonymous_0)
FN:11,(anonymous_1)
FN:15,(anonymous_2)
FN:19,(anonymous_3)
FN:24,(anonymous_4)
FN:45,(anonymous_5)
FN:50,(anonymous_6)
FN:51,(anonymous_7)
FNF:8
FNH:7
FNDA:1,(anonymous_0)
FNDA:2,(anonymous_1)
FNDA:2,(anonymous_2)
FNDA:2,(anonymous_3)
FNDA:7,(anonymous_4)
FNDA:1,(anonymous_5)
FNDA:1,(anonymous_6)
FNDA:0,(anonymous_7)
DA:8,3
DA:10,3
DA:11,2
DA:16,2
DA:20,2
DA:22,2
DA:25,7
DA:39,3
DA:45,3
DA:50,3
DA:52,0
DA:53,0
LF:12
LH:10
BRF:0
BRH:0
end_of_record
TN:
SF:src/components/main/main.jsx
FN:10,(anonymous_0)
FN:14,(anonymous_1)
FNF:2
FNH:2
FNDA:1,(anonymous_0)
FNDA:1,(anonymous_1)
DA:7,2
DA:11,1
DA:18,1
DA:20,1
DA:105,2
LF:5
LH:5
BRF:0
BRH:0
end_of_record
TN:
SF:src/components/more-like-this/more-like-this.jsx
FN:9,(anonymous_0)
FN:13,(anonymous_1)
FN:18,(anonymous_2)
FNF:3
FNH:3
FNDA:3,(anonymous_0)
FNDA:3,(anonymous_1)
FNDA:2,(anonymous_2)
DA:6,3
DA:10,3
DA:14,3
DA:16,3
DA:19,2
DA:33,3
LF:6
LH:6
BRF:0
BRH:0
end_of_record
TN:
SF:src/components/movie-card/movie-card.jsx
FN:8,(anonymous_0)
FN:18,(anonymous_1)
FN:25,(anonymous_2)
FN:33,(anonymous_3)
FN:40,(anonymous_4)
FN:69,(anonymous_5)
FNF:6
FNH:4
FNDA:10,(anonymous_0)
FNDA:2,(anonymous_1)
FNDA:1,(anonymous_2)
FNDA:0,(anonymous_3)
FNDA:10,(anonymous_4)
FNDA:0,(anonymous_5)
DA:5,7
DA:9,10
DA:11,10
DA:13,10
DA:14,10
DA:15,10
DA:19,2
DA:21,2
DA:22,2
DA:26,1
DA:28,1
DA:29,1
DA:30,1
DA:34,0
DA:36,0
DA:37,0
DA:41,10
DA:43,10
DA:70,0
DA:71,0
DA:77,7
LF:21
LH:16
BRDA:70,0,0,0
BRDA:70,0,1,0
BRF:2
BRH:0
end_of_record
TN:
SF:src/components/movie-details/movie-details.jsx
FN:4,(anonymous_0)
FN:19,(anonymous_1)
FNF:2
FNH:2
FNDA:1,(anonymous_0)
FNDA:7,(anonymous_1)
DA:4,4
DA:5,1
DA:6,1
DA:8,1
DA:20,7
DA:49,4
LF:6
LH:6
BRF:0
BRH:0
end_of_record
TN:
SF:src/components/movie-overview/movie-overview.jsx
FN:4,(anonymous_0)
FNF:1
FNH:1
FNDA:4,(anonymous_0)
DA:4,4
DA:5,4
DA:7,4
DA:27,4
LF:4
LH:4
BRF:0
BRH:0
end_of_record
TN:
SF:src/components/movie-page/movie-page.jsx
FN:14,(anonymous_0)
FN:17,(anonymous_1)
FN:136,(anonymous_2)
FNF:3
FNH:3
FNDA:2,(anonymous_0)
FNDA:5,(anonymous_1)
FNDA:1,(anonymous_2)
DA:9,2
DA:10,2
DA:12,2
DA:14,2
DA:15,2
DA:17,5
DA:18,2
DA:20,2
DA:112,2
DA:136,2
LF:10
LH:10
BRDA:17,0,0,5
BRDA:17,0,1,2
BRF:2
BRH:2
end_of_record
TN:
SF:src/components/movie-reviews/movie-reviews.jsx
FN:6,(anonymous_0)
FN:16,(anonymous_1)
FN:19,(anonymous_2)
FNF:3
FNH:3
FNDA:1,(anonymous_0)
FNDA:2,(anonymous_1)
FNDA:2,(anonymous_2)
DA:6,4
DA:7,1
DA:9,1
DA:10,1
DA:11,1
DA:12,1
DA:14,1
DA:17,2
DA:19,2
DA:27,4
LF:10
LH:10
BRF:0
BRH:0
end_of_record
TN:
SF:src/components/movies-list/movies-list.jsx
FN:12,(anonymous_0)
FN:12,(anonymous_1)
FN:15,(anonymous_2)
FN:19,(anonymous_3)
FN:26,(anonymous_4)
FN:55,(anonymous_5)
FN:60,(anonymous_6)
FN:61,(anonymous_7)
FNF:8
FNH:5
FNDA:0,(anonymous_0)
FNDA:0,(anonymous_1)
FNDA:2,(anonymous_2)
FNDA:2,(anonymous_3)
FNDA:4,(anonymous_4)
FNDA:1,(anonymous_5)
FNDA:1,(anonymous_6)
FNDA:0,(anonymous_7)
DA:10,3
DA:12,3
DA:16,2
DA:20,2
DA:21,2
DA:23,2
DA:27,4
DA:47,3
DA:55,3
DA:60,3
DA:62,0
LF:11
LH:10
BRDA:38,0,0,2
BRDA:38,0,1,0
BRDA:56,1,0,1
BRDA:56,1,1,0
BRF:4
BRH:2
end_of_record
TN:
SF:src/components/review/review.jsx
FN:4,(anonymous_0)
FNF:1
FNH:1
FNDA:3,(anonymous_0)
DA:4,5
DA:5,3
DA:7,3
DA:23,5
LF:4
LH:4
BRF:0
BRH:0
end_of_record
TN:
SF:src/components/show-more-button/show-more-button.jsx
FN:4,(anonymous_0)
FNF:1
FNH:1
FNDA:2,(anonymous_0)
DA:4,5
DA:5,2
DA:7,2
DA:16,5
LF:4
LH:4
BRF:0
BRH:0
end_of_record
TN:
SF:src/components/tab/tab.jsx
FN:4,(anonymous_0)
FN:8,(anonymous_1)
FN:9,(anonymous_2)
FNF:3
FNH:2
FNDA:10,(anonymous_0)
FNDA:10,(anonymous_1)
FNDA:0,(anonymous_2)
DA:4,4
DA:5,10
DA:6,10
DA:8,10
DA:9,10
DA:10,0
DA:11,0
DA:15,10
DA:25,4
LF:9
LH:7
BRDA:6,0,0,4
BRDA:6,0,1,6
BRF:2
BRH:2
end_of_record
TN:
SF:src/components/tabs-list/tabs-list.jsx
FN:10,(anonymous_0)
FN:14,(anonymous_1)
FN:43,(anonymous_2)
FN:51,(anonymous_3)
FNF:4
FNH:4
FNDA:3,(anonymous_0)
FNDA:3,(anonymous_1)
FNDA:3,(anonymous_2)
FNDA:9,(anonymous_3)
DA:11,3
DA:15,3
DA:17,3
DA:19,3
DA:25,0
DA:30,0
DA:35,0
DA:44,3
DA:45,3
DA:47,3
DA:52,9
DA:69,3
LF:12
LH:9
BRDA:17,0,0,3
BRDA:17,0,1,0
BRDA:17,0,2,0
BRDA:17,0,3,0
BRF:4
BRH:1
end_of_record
TN:
SF:src/components/video-player/video-player.jsx
FN:5,(anonymous_0)
FN:11,(anonymous_1)
FN:20,(anonymous_2)
FN:29,(anonymous_3)
FN:38,(anonymous_4)
FNF:5
FNH:3
FNDA:13,(anonymous_0)
FNDA:13,(anonymous_1)
FNDA:0,(anonymous_2)
FNDA:13,(anonymous_3)
FNDA:0,(anonymous_4)
DA:6,13
DA:8,13
DA:12,13
DA:13,13
DA:15,13
DA:16,13
DA:17,13
DA:21,0
DA:23,0
DA:24,0
DA:25,0
DA:26,0
DA:30,13
DA:39,0
DA:41,0
DA:42,0
DA:44,0
DA:49,9
LF:18
LH:9
BRDA:41,0,0,0
BRDA:41,0,1,0
BRF:2
BRH:0
end_of_record
TN:
SF:src/hocs/with-active-card/with-active-card.js
FN:3,(anonymous_0)
FN:5,(anonymous_1)
FN:15,(anonymous_2)
FN:21,(anonymous_3)
FNF:4
FNH:3
FNDA:5,(anonymous_0)
FNDA:4,(anonymous_1)
FNDA:0,(anonymous_2)
FNDA:4,(anonymous_3)
DA:3,4
DA:6,4
DA:8,4
DA:12,4
DA:16,0
DA:22,4
DA:24,4
DA:32,5
LF:8
LH:7
BRF:0
BRH:0
end_of_record
TN:
SF:src/hocs/with-active-tab/with-active-tab.js
FN:4,(anonymous_0)
FN:6,(anonymous_1)
FN:16,(anonymous_2)
FN:22,(anonymous_3)
FNF:4
FNH:3
FNDA:3,(anonymous_0)
FNDA:3,(anonymous_1)
FNDA:0,(anonymous_2)
FNDA:3,(anonymous_3)
DA:4,3
DA:7,3
DA:9,3
DA:13,3
DA:17,0
DA:23,3
DA:25,3
DA:33,3
LF:8
LH:7
BRF:0
BRH:0
end_of_record
TN:
SF:src/hocs/with-video-player/with-video-player.js
FN:3,(anonymous_0)
FN:5,(anonymous_1)
FN:16,(anonymous_2)
FN:22,(anonymous_3)
FN:28,(anonymous_4)
FNF:5
FNH:3
FNDA:7,(anonymous_0)
FNDA:7,(anonymous_1)
FNDA:0,(anonymous_2)
FNDA:0,(anonymous_3)
FNDA:7,(anonymous_4)
DA:3,6
DA:6,7
DA:8,7
DA:12,7
DA:13,7
DA:17,0
DA:23,0
DA:29,7
DA:31,7
DA:42,7
LF:10
LH:8
BRF:0
BRH:0
end_of_record
TN:
SF:src/mocks/movies.js
FNF:0
FNH:0
DA:1,5
DA:7,5
LF:2
LH:2
BRF:0
BRH:0
end_of_record
TN:
SF:src/mocks/reviews.js
FNF:0
FNH:0
DA:1,5
LF:1
LH:1
BRF:0
BRH:0
end_of_record
